0 verbose cli /usr/bin/node-18 /usr/bin/npm
1 info using npm@10.8.2
2 info using node@v18.20.8
3 silly config load:file:/usr/lib/nodejs18/lib/node_modules/npm/npmrc
4 silly config load:file:/home/ec2-user/sample-app/.npmrc
5 silly config load:file:/home/ec2-user/.npmrc
6 silly config load:file:/etc/npmrc
7 verbose title npm install express
8 verbose argv "install" "express"
9 verbose logfile logs-max:10 dir:/home/ec2-user/.npm/_logs/2025-07-18T18_20_34_177Z-
10 verbose logfile /home/ec2-user/.npm/_logs/2025-07-18T18_20_34_177Z-debug-0.log
11 silly packumentCache heap:510394368 maxSize:127598592 maxEntrySize:63799296
12 silly logfile done cleaning log files
13 silly idealTree buildDeps
14 silly fetch manifest express@*
15 silly packumentCache full:https://registry.npmjs.org/express cache-miss
16 http fetch GET 200 https://registry.npmjs.org/express 112ms (cache miss)
17 silly packumentCache full:https://registry.npmjs.org/express set size:undefined disposed:false
18 silly placeDep ROOT express@5.1.0 OK for: sample-app@1.0.0 want: *
19 silly fetch manifest qs@^6.14.0
20 silly packumentCache full:https://registry.npmjs.org/qs cache-miss
21 http fetch GET 200 https://registry.npmjs.org/qs 35ms (cache miss)
22 silly packumentCache full:https://registry.npmjs.org/qs set size:undefined disposed:false
23 silly fetch manifest etag@^1.8.1
24 silly packumentCache full:https://registry.npmjs.org/etag cache-miss
25 http fetch GET 200 https://registry.npmjs.org/etag 28ms (cache miss)
26 silly packumentCache full:https://registry.npmjs.org/etag set size:undefined disposed:false
27 silly fetch manifest once@^1.4.0
28 silly packumentCache full:https://registry.npmjs.org/once cache-miss
29 http fetch GET 200 https://registry.npmjs.org/once 28ms (cache miss)
30 silly packumentCache full:https://registry.npmjs.org/once set size:undefined disposed:false
31 silly fetch manifest send@^1.1.0
32 silly packumentCache full:https://registry.npmjs.org/send cache-miss
33 http fetch GET 200 https://registry.npmjs.org/send 27ms (cache miss)
34 silly packumentCache full:https://registry.npmjs.org/send set size:undefined disposed:false
35 silly fetch manifest vary@^1.1.2
36 silly packumentCache full:https://registry.npmjs.org/vary cache-miss
37 http fetch GET 200 https://registry.npmjs.org/vary 35ms (cache miss)
38 silly packumentCache full:https://registry.npmjs.org/vary set size:undefined disposed:false
39 silly fetch manifest debug@^4.4.0
40 silly packumentCache full:https://registry.npmjs.org/debug cache-miss
41 http fetch GET 200 https://registry.npmjs.org/debug 34ms (cache miss)
42 silly packumentCache full:https://registry.npmjs.org/debug set size:undefined disposed:false
43 silly fetch manifest fresh@^2.0.0
44 silly packumentCache full:https://registry.npmjs.org/fresh cache-miss
45 http fetch GET 200 https://registry.npmjs.org/fresh 26ms (cache miss)
46 silly packumentCache full:https://registry.npmjs.org/fresh set size:undefined disposed:false
47 silly fetch manifest cookie@^0.7.1
48 silly packumentCache full:https://registry.npmjs.org/cookie cache-miss
49 http fetch GET 200 https://registry.npmjs.org/cookie 55ms (cache miss)
50 silly packumentCache full:https://registry.npmjs.org/cookie set size:undefined disposed:false
51 silly fetch manifest router@^2.2.0
52 silly packumentCache full:https://registry.npmjs.org/router cache-miss
53 http fetch GET 200 https://registry.npmjs.org/router 27ms (cache miss)
54 silly packumentCache full:https://registry.npmjs.org/router set size:undefined disposed:false
55 silly fetch manifest accepts@^2.0.0
56 silly packumentCache full:https://registry.npmjs.org/accepts cache-miss
57 http fetch GET 200 https://registry.npmjs.org/accepts 30ms (cache miss)
58 silly packumentCache full:https://registry.npmjs.org/accepts set size:undefined disposed:false
59 silly fetch manifest type-is@^2.0.1
60 silly packumentCache full:https://registry.npmjs.org/type-is cache-miss
61 http fetch GET 200 https://registry.npmjs.org/type-is 27ms (cache miss)
62 silly packumentCache full:https://registry.npmjs.org/type-is set size:undefined disposed:false
63 silly fetch manifest parseurl@^1.3.3
64 silly packumentCache full:https://registry.npmjs.org/parseurl cache-miss
65 http fetch GET 200 https://registry.npmjs.org/parseurl 27ms (cache miss)
66 silly packumentCache full:https://registry.npmjs.org/parseurl set size:undefined disposed:false
67 silly fetch manifest statuses@^2.0.1
68 silly packumentCache full:https://registry.npmjs.org/statuses cache-miss
69 http fetch GET 200 https://registry.npmjs.org/statuses 25ms (cache miss)
70 silly packumentCache full:https://registry.npmjs.org/statuses set size:undefined disposed:false
71 silly fetch manifest encodeurl@^2.0.0
72 silly packumentCache full:https://registry.npmjs.org/encodeurl cache-miss
73 http fetch GET 200 https://registry.npmjs.org/encodeurl 22ms (cache miss)
74 silly packumentCache full:https://registry.npmjs.org/encodeurl set size:undefined disposed:false
75 silly fetch manifest mime-types@^3.0.0
76 silly packumentCache full:https://registry.npmjs.org/mime-types cache-miss
77 http fetch GET 200 https://registry.npmjs.org/mime-types 26ms (cache miss)
78 silly packumentCache full:https://registry.npmjs.org/mime-types set size:undefined disposed:false
79 silly fetch manifest proxy-addr@^2.0.7
80 silly packumentCache full:https://registry.npmjs.org/proxy-addr cache-miss
81 http fetch GET 200 https://registry.npmjs.org/proxy-addr 29ms (cache miss)
82 silly packumentCache full:https://registry.npmjs.org/proxy-addr set size:undefined disposed:false
83 silly fetch manifest body-parser@^2.2.0
84 silly packumentCache full:https://registry.npmjs.org/body-parser cache-miss
85 http fetch GET 200 https://registry.npmjs.org/body-parser 35ms (cache miss)
86 silly packumentCache full:https://registry.npmjs.org/body-parser set size:undefined disposed:false
87 silly fetch manifest escape-html@^1.0.3
88 silly packumentCache full:https://registry.npmjs.org/escape-html cache-miss
89 http fetch GET 200 https://registry.npmjs.org/escape-html 24ms (cache miss)
90 silly packumentCache full:https://registry.npmjs.org/escape-html set size:undefined disposed:false
91 silly fetch manifest http-errors@^2.0.0
92 silly packumentCache full:https://registry.npmjs.org/http-errors cache-miss
93 http fetch GET 200 https://registry.npmjs.org/http-errors 30ms (cache miss)
94 silly packumentCache full:https://registry.npmjs.org/http-errors set size:undefined disposed:false
95 silly fetch manifest on-finished@^2.4.1
96 silly packumentCache full:https://registry.npmjs.org/on-finished cache-miss
97 http fetch GET 200 https://registry.npmjs.org/on-finished 23ms (cache miss)
98 silly packumentCache full:https://registry.npmjs.org/on-finished set size:undefined disposed:false
99 silly fetch manifest content-type@^1.0.5
100 silly packumentCache full:https://registry.npmjs.org/content-type cache-miss
101 http fetch GET 200 https://registry.npmjs.org/content-type 34ms (cache miss)
102 silly packumentCache full:https://registry.npmjs.org/content-type set size:undefined disposed:false
103 silly fetch manifest finalhandler@^2.1.0
104 silly packumentCache full:https://registry.npmjs.org/finalhandler cache-miss
105 http fetch GET 200 https://registry.npmjs.org/finalhandler 24ms (cache miss)
106 silly packumentCache full:https://registry.npmjs.org/finalhandler set size:undefined disposed:false
107 silly fetch manifest range-parser@^1.2.1
108 silly packumentCache full:https://registry.npmjs.org/range-parser cache-miss
109 http fetch GET 200 https://registry.npmjs.org/range-parser 22ms (cache miss)
110 silly packumentCache full:https://registry.npmjs.org/range-parser set size:undefined disposed:false
111 silly fetch manifest serve-static@^2.2.0
112 silly packumentCache full:https://registry.npmjs.org/serve-static cache-miss
113 http fetch GET 200 https://registry.npmjs.org/serve-static 26ms (cache miss)
114 silly packumentCache full:https://registry.npmjs.org/serve-static set size:undefined disposed:false
115 silly fetch manifest cookie-signature@^1.2.1
116 silly packumentCache full:https://registry.npmjs.org/cookie-signature cache-miss
117 http fetch GET 200 https://registry.npmjs.org/cookie-signature 28ms (cache miss)
118 silly packumentCache full:https://registry.npmjs.org/cookie-signature set size:undefined disposed:false
119 silly fetch manifest merge-descriptors@^2.0.0
120 silly packumentCache full:https://registry.npmjs.org/merge-descriptors cache-miss
121 http fetch GET 200 https://registry.npmjs.org/merge-descriptors 27ms (cache miss)
122 silly packumentCache full:https://registry.npmjs.org/merge-descriptors set size:undefined disposed:false
123 silly fetch manifest content-disposition@^1.0.0
124 silly packumentCache full:https://registry.npmjs.org/content-disposition cache-miss
125 http fetch GET 200 https://registry.npmjs.org/content-disposition 27ms (cache miss)
126 silly packumentCache full:https://registry.npmjs.org/content-disposition set size:undefined disposed:false
127 silly placeDep ROOT accepts@2.0.0 OK for: express@5.1.0 want: ^2.0.0
128 silly placeDep ROOT body-parser@2.2.0 OK for: express@5.1.0 want: ^2.2.0
129 silly placeDep ROOT content-disposition@1.0.0 OK for: express@5.1.0 want: ^1.0.0
130 silly placeDep ROOT content-type@1.0.5 OK for: express@5.1.0 want: ^1.0.5
131 silly placeDep ROOT cookie@0.7.2 OK for: express@5.1.0 want: ^0.7.1
132 silly placeDep ROOT cookie-signature@1.2.2 OK for: express@5.1.0 want: ^1.2.1
133 silly placeDep ROOT debug@4.4.1 OK for: express@5.1.0 want: ^4.4.0
134 silly placeDep ROOT encodeurl@2.0.0 OK for: express@5.1.0 want: ^2.0.0
135 silly placeDep ROOT escape-html@1.0.3 OK for: express@5.1.0 want: ^1.0.3
136 silly placeDep ROOT etag@1.8.1 OK for: express@5.1.0 want: ^1.8.1
137 silly placeDep ROOT finalhandler@2.1.0 OK for: express@5.1.0 want: ^2.1.0
138 silly placeDep ROOT fresh@2.0.0 OK for: express@5.1.0 want: ^2.0.0
139 silly placeDep ROOT http-errors@2.0.0 OK for: express@5.1.0 want: ^2.0.0
140 silly placeDep ROOT merge-descriptors@2.0.0 OK for: express@5.1.0 want: ^2.0.0
141 silly placeDep ROOT mime-types@3.0.1 OK for: express@5.1.0 want: ^3.0.0
142 silly placeDep ROOT on-finished@2.4.1 OK for: express@5.1.0 want: ^2.4.1
143 silly placeDep ROOT once@1.4.0 OK for: express@5.1.0 want: ^1.4.0
144 silly placeDep ROOT parseurl@1.3.3 OK for: express@5.1.0 want: ^1.3.3
145 silly placeDep ROOT proxy-addr@2.0.7 OK for: express@5.1.0 want: ^2.0.7
146 silly placeDep ROOT qs@6.14.0 OK for: express@5.1.0 want: ^6.14.0
147 silly placeDep ROOT range-parser@1.2.1 OK for: express@5.1.0 want: ^1.2.1
148 silly placeDep ROOT router@2.2.0 OK for: express@5.1.0 want: ^2.2.0
149 silly placeDep ROOT send@1.2.0 OK for: express@5.1.0 want: ^1.1.0
150 silly placeDep ROOT serve-static@2.2.0 OK for: express@5.1.0 want: ^2.2.0
151 silly placeDep ROOT statuses@2.0.2 OK for: express@5.1.0 want: ^2.0.1
152 silly placeDep ROOT type-is@2.0.1 OK for: express@5.1.0 want: ^2.0.1
153 silly placeDep ROOT vary@1.1.2 OK for: express@5.1.0 want: ^1.1.2
154 silly fetch manifest negotiator@^1.0.0
155 silly packumentCache full:https://registry.npmjs.org/negotiator cache-miss
156 http fetch GET 200 https://registry.npmjs.org/negotiator 53ms (cache miss)
157 silly packumentCache full:https://registry.npmjs.org/negotiator set size:undefined disposed:false
158 silly fetch manifest bytes@^3.1.2
159 silly packumentCache full:https://registry.npmjs.org/bytes cache-miss
160 http fetch GET 200 https://registry.npmjs.org/bytes 22ms (cache miss)
161 silly packumentCache full:https://registry.npmjs.org/bytes set size:undefined disposed:false
162 silly fetch manifest iconv-lite@^0.6.3
163 silly packumentCache full:https://registry.npmjs.org/iconv-lite cache-miss
164 http fetch GET 200 https://registry.npmjs.org/iconv-lite 26ms (cache miss)
165 silly packumentCache full:https://registry.npmjs.org/iconv-lite set size:undefined disposed:false
166 silly fetch manifest raw-body@^3.0.0
167 silly packumentCache full:https://registry.npmjs.org/raw-body cache-miss
168 http fetch GET 200 https://registry.npmjs.org/raw-body 24ms (cache miss)
169 silly packumentCache full:https://registry.npmjs.org/raw-body set size:undefined disposed:false
170 silly fetch manifest type-is@^2.0.0
171 silly packumentCache full:https://registry.npmjs.org/type-is cache-miss
172 http fetch GET 200 https://registry.npmjs.org/type-is 12ms (cache hit)
173 silly packumentCache full:https://registry.npmjs.org/type-is set size:86196 disposed:false
174 silly fetch manifest safe-buffer@5.2.1
175 silly packumentCache full:https://registry.npmjs.org/safe-buffer cache-miss
176 http fetch GET 200 https://registry.npmjs.org/safe-buffer 25ms (cache miss)
177 silly packumentCache full:https://registry.npmjs.org/safe-buffer set size:undefined disposed:false
178 silly fetch manifest ms@^2.1.3
179 silly packumentCache full:https://registry.npmjs.org/ms cache-miss
180 http fetch GET 200 https://registry.npmjs.org/ms 23ms (cache miss)
181 silly packumentCache full:https://registry.npmjs.org/ms set size:undefined disposed:false
182 silly fetch manifest depd@2.0.0
183 silly packumentCache full:https://registry.npmjs.org/depd cache-miss
184 http fetch GET 200 https://registry.npmjs.org/depd 27ms (cache miss)
185 silly packumentCache full:https://registry.npmjs.org/depd set size:undefined disposed:false
186 silly fetch manifest inherits@2.0.4
187 silly packumentCache full:https://registry.npmjs.org/inherits cache-miss
188 http fetch GET 200 https://registry.npmjs.org/inherits 23ms (cache miss)
189 silly packumentCache full:https://registry.npmjs.org/inherits set size:undefined disposed:false
190 silly fetch manifest statuses@2.0.1
191 silly packumentCache full:https://registry.npmjs.org/statuses cache-miss
192 http fetch GET 200 https://registry.npmjs.org/statuses 3ms (cache hit)
193 silly packumentCache full:https://registry.npmjs.org/statuses set size:37117 disposed:false
194 silly fetch manifest toidentifier@1.0.1
195 silly packumentCache full:https://registry.npmjs.org/toidentifier cache-miss
196 http fetch GET 200 https://registry.npmjs.org/toidentifier 28ms (cache miss)
197 silly packumentCache full:https://registry.npmjs.org/toidentifier set size:undefined disposed:false
198 silly fetch manifest setprototypeof@1.2.0
199 silly packumentCache full:https://registry.npmjs.org/setprototypeof cache-miss
200 http fetch GET 200 https://registry.npmjs.org/setprototypeof 25ms (cache miss)
201 silly packumentCache full:https://registry.npmjs.org/setprototypeof set size:undefined disposed:false
202 silly fetch manifest mime-db@^1.54.0
203 silly packumentCache full:https://registry.npmjs.org/mime-db cache-miss
204 http fetch GET 200 https://registry.npmjs.org/mime-db 27ms (cache miss)
205 silly packumentCache full:https://registry.npmjs.org/mime-db set size:undefined disposed:false
206 silly fetch manifest ee-first@1.1.1
207 silly packumentCache full:https://registry.npmjs.org/ee-first cache-miss
208 http fetch GET 200 https://registry.npmjs.org/ee-first 22ms (cache miss)
209 silly packumentCache full:https://registry.npmjs.org/ee-first set size:undefined disposed:false
210 silly fetch manifest wrappy@1
211 silly packumentCache full:https://registry.npmjs.org/wrappy cache-miss
212 http fetch GET 200 https://registry.npmjs.org/wrappy 42ms (cache miss)
213 silly packumentCache full:https://registry.npmjs.org/wrappy set size:undefined disposed:false
214 silly fetch manifest forwarded@0.2.0
215 silly packumentCache full:https://registry.npmjs.org/forwarded cache-miss
216 http fetch GET 200 https://registry.npmjs.org/forwarded 23ms (cache miss)
217 silly packumentCache full:https://registry.npmjs.org/forwarded set size:undefined disposed:false
218 silly fetch manifest ipaddr.js@1.9.1
219 silly packumentCache full:https://registry.npmjs.org/ipaddr.js cache-miss
220 http fetch GET 200 https://registry.npmjs.org/ipaddr.js 26ms (cache miss)
221 silly packumentCache full:https://registry.npmjs.org/ipaddr.js set size:undefined disposed:false
222 silly fetch manifest side-channel@^1.1.0
223 silly packumentCache full:https://registry.npmjs.org/side-channel cache-miss
224 http fetch GET 200 https://registry.npmjs.org/side-channel 26ms (cache miss)
225 silly packumentCache full:https://registry.npmjs.org/side-channel set size:undefined disposed:false
226 silly fetch manifest depd@^2.0.0
227 silly packumentCache full:https://registry.npmjs.org/depd cache-miss
228 http fetch GET 200 https://registry.npmjs.org/depd 3ms (cache hit)
229 silly packumentCache full:https://registry.npmjs.org/depd set size:40182 disposed:false
230 silly fetch manifest is-promise@^4.0.0
231 silly packumentCache full:https://registry.npmjs.org/is-promise cache-miss
232 http fetch GET 200 https://registry.npmjs.org/is-promise 28ms (cache miss)
233 silly packumentCache full:https://registry.npmjs.org/is-promise set size:undefined disposed:false
234 silly fetch manifest path-to-regexp@^8.0.0
235 silly packumentCache full:https://registry.npmjs.org/path-to-regexp cache-miss
236 http fetch GET 200 https://registry.npmjs.org/path-to-regexp 29ms (cache miss)
237 silly packumentCache full:https://registry.npmjs.org/path-to-regexp set size:undefined disposed:false
238 silly fetch manifest media-typer@^1.1.0
239 silly packumentCache full:https://registry.npmjs.org/media-typer cache-miss
240 http fetch GET 200 https://registry.npmjs.org/media-typer 22ms (cache miss)
241 silly packumentCache full:https://registry.npmjs.org/media-typer set size:undefined disposed:false
242 silly placeDep ROOT negotiator@1.0.0 OK for: accepts@2.0.0 want: ^1.0.0
243 silly placeDep ROOT bytes@3.1.2 OK for: body-parser@2.2.0 want: ^3.1.2
244 silly placeDep ROOT iconv-lite@0.6.3 OK for: body-parser@2.2.0 want: ^0.6.3
245 silly placeDep ROOT raw-body@3.0.0 OK for: body-parser@2.2.0 want: ^3.0.0
246 silly fetch manifest safer-buffer@>= 2.1.2 < 3.0.0
247 silly packumentCache full:https://registry.npmjs.org/safer-buffer cache-miss
248 http fetch GET 200 https://registry.npmjs.org/safer-buffer 25ms (cache miss)
249 silly packumentCache full:https://registry.npmjs.org/safer-buffer set size:undefined disposed:false
250 silly fetch manifest unpipe@1.0.0
251 silly packumentCache full:https://registry.npmjs.org/unpipe cache-miss
252 http fetch GET 200 https://registry.npmjs.org/unpipe 25ms (cache miss)
253 silly packumentCache full:https://registry.npmjs.org/unpipe set size:undefined disposed:false
254 silly placeDep ROOT safe-buffer@5.2.1 OK for: content-disposition@1.0.0 want: 5.2.1
255 silly placeDep ROOT ms@2.1.3 OK for: debug@4.4.1 want: ^2.1.3
256 silly placeDep ROOT depd@2.0.0 OK for: http-errors@2.0.0 want: 2.0.0
257 silly placeDep ROOT inherits@2.0.4 OK for: http-errors@2.0.0 want: 2.0.4
258 silly placeDep ROOT setprototypeof@1.2.0 OK for: http-errors@2.0.0 want: 1.2.0
259 silly placeDep node_modules/http-errors statuses@2.0.1 OK for: http-errors@2.0.0 want: 2.0.1
260 silly placeDep ROOT toidentifier@1.0.1 OK for: http-errors@2.0.0 want: 1.0.1
261 silly placeDep ROOT safer-buffer@2.1.2 OK for: iconv-lite@0.6.3 want: >= 2.1.2 < 3.0.0
262 silly placeDep ROOT mime-db@1.54.0 OK for: mime-types@3.0.1 want: ^1.54.0
263 silly placeDep ROOT ee-first@1.1.1 OK for: on-finished@2.4.1 want: 1.1.1
264 silly placeDep ROOT wrappy@1.0.2 OK for: once@1.4.0 want: 1
265 silly placeDep ROOT forwarded@0.2.0 OK for: proxy-addr@2.0.7 want: 0.2.0
266 silly placeDep ROOT ipaddr.js@1.9.1 OK for: proxy-addr@2.0.7 want: 1.9.1
267 silly placeDep ROOT side-channel@1.1.0 OK for: qs@6.14.0 want: ^1.1.0
268 silly fetch manifest es-errors@^1.3.0
269 silly packumentCache full:https://registry.npmjs.org/es-errors cache-miss
270 http fetch GET 200 https://registry.npmjs.org/es-errors 24ms (cache miss)
271 silly packumentCache full:https://registry.npmjs.org/es-errors set size:undefined disposed:false
272 silly fetch manifest object-inspect@^1.13.3
273 silly packumentCache full:https://registry.npmjs.org/object-inspect cache-miss
274 http fetch GET 200 https://registry.npmjs.org/object-inspect 30ms (cache miss)
275 silly packumentCache full:https://registry.npmjs.org/object-inspect set size:undefined disposed:false
276 silly fetch manifest side-channel-list@^1.0.0
277 silly packumentCache full:https://registry.npmjs.org/side-channel-list cache-miss
278 http fetch GET 200 https://registry.npmjs.org/side-channel-list 26ms (cache miss)
279 silly packumentCache full:https://registry.npmjs.org/side-channel-list set size:undefined disposed:false
280 silly fetch manifest side-channel-map@^1.0.1
281 silly packumentCache full:https://registry.npmjs.org/side-channel-map cache-miss
282 http fetch GET 200 https://registry.npmjs.org/side-channel-map 29ms (cache miss)
283 silly packumentCache full:https://registry.npmjs.org/side-channel-map set size:undefined disposed:false
284 silly fetch manifest side-channel-weakmap@^1.0.2
285 silly packumentCache full:https://registry.npmjs.org/side-channel-weakmap cache-miss
286 http fetch GET 200 https://registry.npmjs.org/side-channel-weakmap 26ms (cache miss)
287 silly packumentCache full:https://registry.npmjs.org/side-channel-weakmap set size:undefined disposed:false
288 silly placeDep ROOT unpipe@1.0.0 OK for: raw-body@3.0.0 want: 1.0.0
289 silly placeDep ROOT is-promise@4.0.0 OK for: router@2.2.0 want: ^4.0.0
290 silly placeDep ROOT path-to-regexp@8.2.0 OK for: router@2.2.0 want: ^8.0.0
291 silly placeDep ROOT es-errors@1.3.0 OK for: side-channel@1.1.0 want: ^1.3.0
292 silly placeDep ROOT object-inspect@1.13.4 OK for: side-channel@1.1.0 want: ^1.13.3
293 silly placeDep ROOT side-channel-list@1.0.0 OK for: side-channel@1.1.0 want: ^1.0.0
294 silly placeDep ROOT side-channel-map@1.0.1 OK for: side-channel@1.1.0 want: ^1.0.1
295 silly placeDep ROOT side-channel-weakmap@1.0.2 OK for: side-channel@1.1.0 want: ^1.0.2
296 silly fetch manifest call-bound@^1.0.2
297 silly packumentCache full:https://registry.npmjs.org/call-bound cache-miss
298 http fetch GET 200 https://registry.npmjs.org/call-bound 62ms (cache miss)
299 silly packumentCache full:https://registry.npmjs.org/call-bound set size:undefined disposed:false
300 silly fetch manifest get-intrinsic@^1.2.5
301 silly packumentCache full:https://registry.npmjs.org/get-intrinsic cache-miss
302 http fetch GET 200 https://registry.npmjs.org/get-intrinsic 25ms (cache miss)
303 silly packumentCache full:https://registry.npmjs.org/get-intrinsic set size:undefined disposed:false
304 silly placeDep ROOT call-bound@1.0.4 OK for: side-channel-map@1.0.1 want: ^1.0.2
305 silly placeDep ROOT get-intrinsic@1.3.0 OK for: side-channel-map@1.0.1 want: ^1.2.5
306 silly fetch manifest call-bind-apply-helpers@^1.0.2
307 silly packumentCache full:https://registry.npmjs.org/call-bind-apply-helpers cache-miss
308 http fetch GET 200 https://registry.npmjs.org/call-bind-apply-helpers 26ms (cache miss)
309 silly packumentCache full:https://registry.npmjs.org/call-bind-apply-helpers set size:undefined disposed:false
310 silly fetch manifest get-intrinsic@^1.3.0
311 silly packumentCache full:https://registry.npmjs.org/get-intrinsic cache-miss
312 http fetch GET 200 https://registry.npmjs.org/get-intrinsic 4ms (cache hit)
313 silly packumentCache full:https://registry.npmjs.org/get-intrinsic set size:57687 disposed:false
314 silly fetch manifest es-define-property@^1.0.1
315 silly packumentCache full:https://registry.npmjs.org/es-define-property cache-miss
316 http fetch GET 200 https://registry.npmjs.org/es-define-property 25ms (cache miss)
317 silly packumentCache full:https://registry.npmjs.org/es-define-property set size:undefined disposed:false
318 silly fetch manifest es-object-atoms@^1.1.1
319 silly packumentCache full:https://registry.npmjs.org/es-object-atoms cache-miss
320 http fetch GET 200 https://registry.npmjs.org/es-object-atoms 25ms (cache miss)
321 silly packumentCache full:https://registry.npmjs.org/es-object-atoms set size:undefined disposed:false
322 silly fetch manifest function-bind@^1.1.2
323 silly packumentCache full:https://registry.npmjs.org/function-bind cache-miss
324 http fetch GET 200 https://registry.npmjs.org/function-bind 23ms (cache miss)
325 silly packumentCache full:https://registry.npmjs.org/function-bind set size:undefined disposed:false
326 silly fetch manifest get-proto@^1.0.1
327 silly packumentCache full:https://registry.npmjs.org/get-proto cache-miss
328 http fetch GET 200 https://registry.npmjs.org/get-proto 23ms (cache miss)
329 silly packumentCache full:https://registry.npmjs.org/get-proto set size:undefined disposed:false
330 silly fetch manifest gopd@^1.2.0
331 silly packumentCache full:https://registry.npmjs.org/gopd cache-miss
332 http fetch GET 200 https://registry.npmjs.org/gopd 25ms (cache miss)
333 silly packumentCache full:https://registry.npmjs.org/gopd set size:undefined disposed:false
334 silly fetch manifest has-symbols@^1.1.0
335 silly packumentCache full:https://registry.npmjs.org/has-symbols cache-miss
336 http fetch GET 200 https://registry.npmjs.org/has-symbols 26ms (cache miss)
337 silly packumentCache full:https://registry.npmjs.org/has-symbols set size:undefined disposed:false
338 silly fetch manifest hasown@^2.0.2
339 silly packumentCache full:https://registry.npmjs.org/hasown cache-miss
340 http fetch GET 200 https://registry.npmjs.org/hasown 25ms (cache miss)
341 silly packumentCache full:https://registry.npmjs.org/hasown set size:undefined disposed:false
342 silly fetch manifest math-intrinsics@^1.1.0
343 silly packumentCache full:https://registry.npmjs.org/math-intrinsics cache-miss
344 http fetch GET 200 https://registry.npmjs.org/math-intrinsics 28ms (cache miss)
345 silly packumentCache full:https://registry.npmjs.org/math-intrinsics set size:undefined disposed:false
346 silly placeDep ROOT call-bind-apply-helpers@1.0.2 OK for: call-bound@1.0.4 want: ^1.0.2
347 silly placeDep ROOT function-bind@1.1.2 OK for: call-bind-apply-helpers@1.0.2 want: ^1.1.2
348 silly placeDep ROOT es-define-property@1.0.1 OK for: get-intrinsic@1.3.0 want: ^1.0.1
349 silly placeDep ROOT es-object-atoms@1.1.1 OK for: get-intrinsic@1.3.0 want: ^1.1.1
350 silly placeDep ROOT get-proto@1.0.1 OK for: get-intrinsic@1.3.0 want: ^1.0.1
351 silly placeDep ROOT gopd@1.2.0 OK for: get-intrinsic@1.3.0 want: ^1.2.0
352 silly placeDep ROOT has-symbols@1.1.0 OK for: get-intrinsic@1.3.0 want: ^1.1.0
353 silly placeDep ROOT hasown@2.0.2 OK for: get-intrinsic@1.3.0 want: ^2.0.2
354 silly placeDep ROOT math-intrinsics@1.1.0 OK for: get-intrinsic@1.3.0 want: ^1.1.0
355 silly fetch manifest dunder-proto@^1.0.1
356 silly packumentCache full:https://registry.npmjs.org/dunder-proto cache-miss
357 http fetch GET 200 https://registry.npmjs.org/dunder-proto 26ms (cache miss)
358 silly packumentCache full:https://registry.npmjs.org/dunder-proto set size:undefined disposed:false
359 silly placeDep ROOT dunder-proto@1.0.1 OK for: get-proto@1.0.1 want: ^1.0.1
360 silly placeDep ROOT media-typer@1.1.0 OK for: type-is@2.0.1 want: ^1.1.0
361 silly reify moves {}
362 silly audit bulk request {
362 silly audit   express: [ '5.1.0' ],
362 silly audit   accepts: [ '2.0.0' ],
362 silly audit   'body-parser': [ '2.2.0' ],
362 silly audit   'content-disposition': [ '1.0.0' ],
362 silly audit   'content-type': [ '1.0.5' ],
362 silly audit   cookie: [ '0.7.2' ],
362 silly audit   'cookie-signature': [ '1.2.2' ],
362 silly audit   debug: [ '4.4.1' ],
362 silly audit   encodeurl: [ '2.0.0' ],
362 silly audit   'escape-html': [ '1.0.3' ],
362 silly audit   etag: [ '1.8.1' ],
362 silly audit   finalhandler: [ '2.1.0' ],
362 silly audit   fresh: [ '2.0.0' ],
362 silly audit   'http-errors': [ '2.0.0' ],
362 silly audit   'merge-descriptors': [ '2.0.0' ],
362 silly audit   'mime-types': [ '3.0.1' ],
362 silly audit   'on-finished': [ '2.4.1' ],
362 silly audit   once: [ '1.4.0' ],
362 silly audit   parseurl: [ '1.3.3' ],
362 silly audit   'proxy-addr': [ '2.0.7' ],
362 silly audit   qs: [ '6.14.0' ],
362 silly audit   'range-parser': [ '1.2.1' ],
362 silly audit   router: [ '2.2.0' ],
362 silly audit   send: [ '1.2.0' ],
362 silly audit   'serve-static': [ '2.2.0' ],
362 silly audit   statuses: [ '2.0.2', '2.0.1' ],
362 silly audit   'type-is': [ '2.0.1' ],
362 silly audit   vary: [ '1.1.2' ],
362 silly audit   negotiator: [ '1.0.0' ],
362 silly audit   bytes: [ '3.1.2' ],
362 silly audit   'iconv-lite': [ '0.6.3' ],
362 silly audit   'raw-body': [ '3.0.0' ],
362 silly audit   'safe-buffer': [ '5.2.1' ],
362 silly audit   ms: [ '2.1.3' ],
362 silly audit   depd: [ '2.0.0' ],
362 silly audit   inherits: [ '2.0.4' ],
362 silly audit   setprototypeof: [ '1.2.0' ],
362 silly audit   toidentifier: [ '1.0.1' ],
362 silly audit   'safer-buffer': [ '2.1.2' ],
362 silly audit   'mime-db': [ '1.54.0' ],
362 silly audit   'ee-first': [ '1.1.1' ],
362 silly audit   wrappy: [ '1.0.2' ],
362 silly audit   forwarded: [ '0.2.0' ],
362 silly audit   'ipaddr.js': [ '1.9.1' ],
362 silly audit   'side-channel': [ '1.1.0' ],
362 silly audit   unpipe: [ '1.0.0' ],
362 silly audit   'is-promise': [ '4.0.0' ],
362 silly audit   'path-to-regexp': [ '8.2.0' ],
362 silly audit   'es-errors': [ '1.3.0' ],
362 silly audit   'object-inspect': [ '1.13.4' ],
362 silly audit   'side-channel-list': [ '1.0.0' ],
362 silly audit   'side-channel-map': [ '1.0.1' ],
362 silly audit   'side-channel-weakmap': [ '1.0.2' ],
362 silly audit   'call-bound': [ '1.0.4' ],
362 silly audit   'get-intrinsic': [ '1.3.0' ],
362 silly audit   'call-bind-apply-helpers': [ '1.0.2' ],
362 silly audit   'function-bind': [ '1.1.2' ],
362 silly audit   'es-define-property': [ '1.0.1' ],
362 silly audit   'es-object-atoms': [ '1.1.1' ],
362 silly audit   'get-proto': [ '1.0.1' ],
362 silly audit   gopd: [ '1.2.0' ],
362 silly audit   'has-symbols': [ '1.1.0' ],
362 silly audit   hasown: [ '2.0.2' ],
362 silly audit   'math-intrinsics': [ '1.1.0' ],
362 silly audit   'dunder-proto': [ '1.0.1' ],
362 silly audit   'media-typer': [ '1.1.0' ]
362 silly audit }
363 silly tarball no local data for media-typer@https://registry.npmjs.org/media-typer/-/media-typer-1.1.0.tgz. Extracting by manifest.
364 silly tarball no local data for dunder-proto@https://registry.npmjs.org/dunder-proto/-/dunder-proto-1.0.1.tgz. Extracting by manifest.
365 silly tarball no local data for math-intrinsics@https://registry.npmjs.org/math-intrinsics/-/math-intrinsics-1.1.0.tgz. Extracting by manifest.
366 silly tarball no local data for hasown@https://registry.npmjs.org/hasown/-/hasown-2.0.2.tgz. Extracting by manifest.
367 silly tarball no local data for has-symbols@https://registry.npmjs.org/has-symbols/-/has-symbols-1.1.0.tgz. Extracting by manifest.
368 silly tarball no local data for gopd@https://registry.npmjs.org/gopd/-/gopd-1.2.0.tgz. Extracting by manifest.
369 silly tarball no local data for get-proto@https://registry.npmjs.org/get-proto/-/get-proto-1.0.1.tgz. Extracting by manifest.
370 silly tarball no local data for es-object-atoms@https://registry.npmjs.org/es-object-atoms/-/es-object-atoms-1.1.1.tgz. Extracting by manifest.
371 silly tarball no local data for es-define-property@https://registry.npmjs.org/es-define-property/-/es-define-property-1.0.1.tgz. Extracting by manifest.
372 silly tarball no local data for function-bind@https://registry.npmjs.org/function-bind/-/function-bind-1.1.2.tgz. Extracting by manifest.
373 silly tarball no local data for call-bind-apply-helpers@https://registry.npmjs.org/call-bind-apply-helpers/-/call-bind-apply-helpers-1.0.2.tgz. Extracting by manifest.
374 silly tarball no local data for get-intrinsic@https://registry.npmjs.org/get-intrinsic/-/get-intrinsic-1.3.0.tgz. Extracting by manifest.
375 silly tarball no local data for call-bound@https://registry.npmjs.org/call-bound/-/call-bound-1.0.4.tgz. Extracting by manifest.
376 silly tarball no local data for side-channel-weakmap@https://registry.npmjs.org/side-channel-weakmap/-/side-channel-weakmap-1.0.2.tgz. Extracting by manifest.
377 silly tarball no local data for side-channel-map@https://registry.npmjs.org/side-channel-map/-/side-channel-map-1.0.1.tgz. Extracting by manifest.
378 silly tarball no local data for side-channel-list@https://registry.npmjs.org/side-channel-list/-/side-channel-list-1.0.0.tgz. Extracting by manifest.
379 silly tarball no local data for object-inspect@https://registry.npmjs.org/object-inspect/-/object-inspect-1.13.4.tgz. Extracting by manifest.
380 silly tarball no local data for es-errors@https://registry.npmjs.org/es-errors/-/es-errors-1.3.0.tgz. Extracting by manifest.
381 silly tarball no local data for path-to-regexp@https://registry.npmjs.org/path-to-regexp/-/path-to-regexp-8.2.0.tgz. Extracting by manifest.
382 silly tarball no local data for is-promise@https://registry.npmjs.org/is-promise/-/is-promise-4.0.0.tgz. Extracting by manifest.
383 silly tarball no local data for unpipe@https://registry.npmjs.org/unpipe/-/unpipe-1.0.0.tgz. Extracting by manifest.
384 silly tarball no local data for side-channel@https://registry.npmjs.org/side-channel/-/side-channel-1.1.0.tgz. Extracting by manifest.
385 silly tarball no local data for ipaddr.js@https://registry.npmjs.org/ipaddr.js/-/ipaddr.js-1.9.1.tgz. Extracting by manifest.
386 silly tarball no local data for forwarded@https://registry.npmjs.org/forwarded/-/forwarded-0.2.0.tgz. Extracting by manifest.
387 silly tarball no local data for wrappy@https://registry.npmjs.org/wrappy/-/wrappy-1.0.2.tgz. Extracting by manifest.
388 silly tarball no local data for ee-first@https://registry.npmjs.org/ee-first/-/ee-first-1.1.1.tgz. Extracting by manifest.
389 silly tarball no local data for mime-db@https://registry.npmjs.org/mime-db/-/mime-db-1.54.0.tgz. Extracting by manifest.
390 silly tarball no local data for safer-buffer@https://registry.npmjs.org/safer-buffer/-/safer-buffer-2.1.2.tgz. Extracting by manifest.
391 silly tarball no local data for toidentifier@https://registry.npmjs.org/toidentifier/-/toidentifier-1.0.1.tgz. Extracting by manifest.
392 silly tarball no local data for setprototypeof@https://registry.npmjs.org/setprototypeof/-/setprototypeof-1.2.0.tgz. Extracting by manifest.
393 silly tarball no local data for inherits@https://registry.npmjs.org/inherits/-/inherits-2.0.4.tgz. Extracting by manifest.
394 silly tarball no local data for depd@https://registry.npmjs.org/depd/-/depd-2.0.0.tgz. Extracting by manifest.
395 silly tarball no local data for ms@https://registry.npmjs.org/ms/-/ms-2.1.3.tgz. Extracting by manifest.
396 silly tarball no local data for safe-buffer@https://registry.npmjs.org/safe-buffer/-/safe-buffer-5.2.1.tgz. Extracting by manifest.
397 silly tarball no local data for raw-body@https://registry.npmjs.org/raw-body/-/raw-body-3.0.0.tgz. Extracting by manifest.
398 silly tarball no local data for iconv-lite@https://registry.npmjs.org/iconv-lite/-/iconv-lite-0.6.3.tgz. Extracting by manifest.
399 silly tarball no local data for bytes@https://registry.npmjs.org/bytes/-/bytes-3.1.2.tgz. Extracting by manifest.
400 silly tarball no local data for negotiator@https://registry.npmjs.org/negotiator/-/negotiator-1.0.0.tgz. Extracting by manifest.
401 silly tarball no local data for vary@https://registry.npmjs.org/vary/-/vary-1.1.2.tgz. Extracting by manifest.
402 silly tarball no local data for type-is@https://registry.npmjs.org/type-is/-/type-is-2.0.1.tgz. Extracting by manifest.
403 silly tarball no local data for statuses@https://registry.npmjs.org/statuses/-/statuses-2.0.2.tgz. Extracting by manifest.
404 silly tarball no local data for serve-static@https://registry.npmjs.org/serve-static/-/serve-static-2.2.0.tgz. Extracting by manifest.
405 silly tarball no local data for send@https://registry.npmjs.org/send/-/send-1.2.0.tgz. Extracting by manifest.
406 silly tarball no local data for router@https://registry.npmjs.org/router/-/router-2.2.0.tgz. Extracting by manifest.
407 silly tarball no local data for range-parser@https://registry.npmjs.org/range-parser/-/range-parser-1.2.1.tgz. Extracting by manifest.
408 silly tarball no local data for qs@https://registry.npmjs.org/qs/-/qs-6.14.0.tgz. Extracting by manifest.
409 silly tarball no local data for proxy-addr@https://registry.npmjs.org/proxy-addr/-/proxy-addr-2.0.7.tgz. Extracting by manifest.
410 silly tarball no local data for parseurl@https://registry.npmjs.org/parseurl/-/parseurl-1.3.3.tgz. Extracting by manifest.
411 silly tarball no local data for once@https://registry.npmjs.org/once/-/once-1.4.0.tgz. Extracting by manifest.
412 silly tarball no local data for on-finished@https://registry.npmjs.org/on-finished/-/on-finished-2.4.1.tgz. Extracting by manifest.
413 silly tarball no local data for mime-types@https://registry.npmjs.org/mime-types/-/mime-types-3.0.1.tgz. Extracting by manifest.
414 silly tarball no local data for merge-descriptors@https://registry.npmjs.org/merge-descriptors/-/merge-descriptors-2.0.0.tgz. Extracting by manifest.
415 silly tarball no local data for http-errors@https://registry.npmjs.org/http-errors/-/http-errors-2.0.0.tgz. Extracting by manifest.
416 silly tarball no local data for fresh@https://registry.npmjs.org/fresh/-/fresh-2.0.0.tgz. Extracting by manifest.
417 silly tarball no local data for finalhandler@https://registry.npmjs.org/finalhandler/-/finalhandler-2.1.0.tgz. Extracting by manifest.
418 silly tarball no local data for etag@https://registry.npmjs.org/etag/-/etag-1.8.1.tgz. Extracting by manifest.
419 silly tarball no local data for escape-html@https://registry.npmjs.org/escape-html/-/escape-html-1.0.3.tgz. Extracting by manifest.
420 silly tarball no local data for encodeurl@https://registry.npmjs.org/encodeurl/-/encodeurl-2.0.0.tgz. Extracting by manifest.
421 silly tarball no local data for debug@https://registry.npmjs.org/debug/-/debug-4.4.1.tgz. Extracting by manifest.
422 silly tarball no local data for cookie-signature@https://registry.npmjs.org/cookie-signature/-/cookie-signature-1.2.2.tgz. Extracting by manifest.
423 silly tarball no local data for cookie@https://registry.npmjs.org/cookie/-/cookie-0.7.2.tgz. Extracting by manifest.
424 silly tarball no local data for content-type@https://registry.npmjs.org/content-type/-/content-type-1.0.5.tgz. Extracting by manifest.
425 silly tarball no local data for content-disposition@https://registry.npmjs.org/content-disposition/-/content-disposition-1.0.0.tgz. Extracting by manifest.
426 silly tarball no local data for body-parser@https://registry.npmjs.org/body-parser/-/body-parser-2.2.0.tgz. Extracting by manifest.
427 silly tarball no local data for accepts@https://registry.npmjs.org/accepts/-/accepts-2.0.0.tgz. Extracting by manifest.
428 silly tarball no local data for express@https://registry.npmjs.org/express/-/express-5.1.0.tgz. Extracting by manifest.
429 silly tarball no local data for statuses@https://registry.npmjs.org/statuses/-/statuses-2.0.1.tgz. Extracting by manifest.
430 http fetch POST 200 https://registry.npmjs.org/-/npm/v1/security/advisories/bulk 314ms
431 silly audit report {}
432 http fetch GET 200 https://registry.npmjs.org/side-channel-map/-/side-channel-map-1.0.1.tgz 900ms (cache miss)
433 http fetch GET 200 https://registry.npmjs.org/is-promise/-/is-promise-4.0.0.tgz 951ms (cache miss)
434 http fetch GET 200 https://registry.npmjs.org/get-proto/-/get-proto-1.0.1.tgz 992ms (cache miss)
435 http fetch GET 200 https://registry.npmjs.org/side-channel-list/-/side-channel-list-1.0.0.tgz 981ms (cache miss)
436 http fetch GET 200 https://registry.npmjs.org/hasown/-/hasown-2.0.2.tgz 1004ms (cache miss)
437 http fetch GET 200 https://registry.npmjs.org/side-channel-weakmap/-/side-channel-weakmap-1.0.2.tgz 993ms (cache miss)
438 http fetch GET 200 https://registry.npmjs.org/unpipe/-/unpipe-1.0.0.tgz 977ms (cache miss)
439 http fetch GET 200 https://registry.npmjs.org/toidentifier/-/toidentifier-1.0.1.tgz 931ms (cache miss)
440 http fetch GET 200 https://registry.npmjs.org/ee-first/-/ee-first-1.1.1.tgz 943ms (cache miss)
441 http fetch GET 200 https://registry.npmjs.org/forwarded/-/forwarded-0.2.0.tgz 979ms (cache miss)
442 http fetch GET 200 https://registry.npmjs.org/es-define-property/-/es-define-property-1.0.1.tgz 1010ms (cache miss)
443 http fetch GET 200 https://registry.npmjs.org/media-typer/-/media-typer-1.1.0.tgz 1018ms (cache miss)
444 http fetch GET 200 https://registry.npmjs.org/setprototypeof/-/setprototypeof-1.2.0.tgz 935ms (cache miss)
445 http fetch GET 200 https://registry.npmjs.org/inherits/-/inherits-2.0.4.tgz 934ms (cache miss)
446 http fetch GET 200 https://registry.npmjs.org/wrappy/-/wrappy-1.0.2.tgz 987ms (cache miss)
447 http fetch GET 200 https://registry.npmjs.org/es-object-atoms/-/es-object-atoms-1.1.1.tgz 1020ms (cache miss)
448 http fetch GET 200 https://registry.npmjs.org/gopd/-/gopd-1.2.0.tgz 1023ms (cache miss)
449 http fetch GET 200 https://registry.npmjs.org/ms/-/ms-2.1.3.tgz 941ms (cache miss)
450 http fetch GET 200 https://registry.npmjs.org/merge-descriptors/-/merge-descriptors-2.0.0.tgz 918ms (cache miss)
451 http fetch GET 200 https://registry.npmjs.org/cookie/-/cookie-0.7.2.tgz 908ms (cache miss)
452 http fetch GET 200 https://registry.npmjs.org/on-finished/-/on-finished-2.4.1.tgz 926ms (cache miss)
453 http fetch GET 200 https://registry.npmjs.org/range-parser/-/range-parser-1.2.1.tgz 932ms (cache miss)
454 http fetch GET 200 https://registry.npmjs.org/finalhandler/-/finalhandler-2.1.0.tgz 922ms (cache miss)
455 http fetch GET 200 https://registry.npmjs.org/escape-html/-/escape-html-1.0.3.tgz 921ms (cache miss)
456 http fetch GET 200 https://registry.npmjs.org/vary/-/vary-1.1.2.tgz 950ms (cache miss)
457 http fetch GET 200 https://registry.npmjs.org/statuses/-/statuses-2.0.2.tgz 946ms (cache miss)
458 http fetch GET 200 https://registry.npmjs.org/bytes/-/bytes-3.1.2.tgz 952ms (cache miss)
459 http fetch GET 200 https://registry.npmjs.org/once/-/once-1.4.0.tgz 935ms (cache miss)
460 http fetch GET 200 https://registry.npmjs.org/fresh/-/fresh-2.0.0.tgz 930ms (cache miss)
461 http fetch GET 200 https://registry.npmjs.org/encodeurl/-/encodeurl-2.0.0.tgz 927ms (cache miss)
462 http fetch GET 200 https://registry.npmjs.org/cookie-signature/-/cookie-signature-1.2.2.tgz 923ms (cache miss)
463 http fetch GET 200 https://registry.npmjs.org/parseurl/-/parseurl-1.3.3.tgz 942ms (cache miss)
464 http fetch GET 200 https://registry.npmjs.org/content-type/-/content-type-1.0.5.tgz 927ms (cache miss)
465 http fetch GET 200 https://registry.npmjs.org/accepts/-/accepts-2.0.0.tgz 925ms (cache miss)
466 http fetch GET 200 https://registry.npmjs.org/depd/-/depd-2.0.0.tgz 967ms (cache miss)
467 http fetch GET 200 https://registry.npmjs.org/type-is/-/type-is-2.0.1.tgz 959ms (cache miss)
468 http fetch GET 200 https://registry.npmjs.org/proxy-addr/-/proxy-addr-2.0.7.tgz 950ms (cache miss)
469 http fetch GET 200 https://registry.npmjs.org/etag/-/etag-1.8.1.tgz 941ms (cache miss)
470 http fetch GET 200 https://registry.npmjs.org/statuses/-/statuses-2.0.1.tgz 928ms (cache miss)
471 http fetch GET 200 https://registry.npmjs.org/negotiator/-/negotiator-1.0.0.tgz 970ms (cache miss)
472 http fetch GET 200 https://registry.npmjs.org/http-errors/-/http-errors-2.0.0.tgz 950ms (cache miss)
473 http fetch GET 200 https://registry.npmjs.org/content-disposition/-/content-disposition-1.0.0.tgz 939ms (cache miss)
474 http fetch GET 200 https://registry.npmjs.org/dunder-proto/-/dunder-proto-1.0.1.tgz 1065ms (cache miss)
475 http fetch GET 200 https://registry.npmjs.org/side-channel/-/side-channel-1.1.0.tgz 1035ms (cache miss)
476 http fetch GET 200 https://registry.npmjs.org/serve-static/-/serve-static-2.2.0.tgz 986ms (cache miss)
477 http fetch GET 200 https://registry.npmjs.org/mime-types/-/mime-types-3.0.1.tgz 976ms (cache miss)
478 http fetch GET 200 https://registry.npmjs.org/call-bind-apply-helpers/-/call-bind-apply-helpers-1.0.2.tgz 1079ms (cache miss)
479 http fetch GET 200 https://registry.npmjs.org/es-errors/-/es-errors-1.3.0.tgz 1063ms (cache miss)
480 http fetch GET 200 https://registry.npmjs.org/safer-buffer/-/safer-buffer-2.1.2.tgz 1013ms (cache miss)
481 http fetch GET 200 https://registry.npmjs.org/send/-/send-1.2.0.tgz 992ms (cache miss)
482 http fetch GET 200 https://registry.npmjs.org/call-bound/-/call-bound-1.0.4.tgz 1087ms (cache miss)
483 http fetch GET 200 https://registry.npmjs.org/ipaddr.js/-/ipaddr.js-1.9.1.tgz 1068ms (cache miss)
484 http fetch GET 200 https://registry.npmjs.org/safe-buffer/-/safe-buffer-5.2.1.tgz 1011ms (cache miss)
485 http fetch GET 200 https://registry.npmjs.org/debug/-/debug-4.4.1.tgz 980ms (cache miss)
486 http fetch GET 200 https://registry.npmjs.org/path-to-regexp/-/path-to-regexp-8.2.0.tgz 1077ms (cache miss)
487 http fetch GET 200 https://registry.npmjs.org/raw-body/-/raw-body-3.0.0.tgz 1015ms (cache miss)
488 http fetch GET 200 https://registry.npmjs.org/function-bind/-/function-bind-1.1.2.tgz 1102ms (cache miss)
489 http fetch GET 200 https://registry.npmjs.org/has-symbols/-/has-symbols-1.1.0.tgz 1109ms (cache miss)
490 http fetch GET 200 https://registry.npmjs.org/get-intrinsic/-/get-intrinsic-1.3.0.tgz 1104ms (cache miss)
491 http fetch GET 200 https://registry.npmjs.org/mime-db/-/mime-db-1.54.0.tgz 1045ms (cache miss)
492 http fetch GET 200 https://registry.npmjs.org/router/-/router-2.2.0.tgz 1018ms (cache miss)
493 http fetch GET 200 https://registry.npmjs.org/body-parser/-/body-parser-2.2.0.tgz 1002ms (cache miss)
494 http fetch GET 200 https://registry.npmjs.org/math-intrinsics/-/math-intrinsics-1.1.0.tgz 1133ms (cache miss)
495 http fetch GET 200 https://registry.npmjs.org/qs/-/qs-6.14.0.tgz 1027ms (cache miss)
496 http fetch GET 200 https://registry.npmjs.org/express/-/express-5.1.0.tgz 1012ms (cache miss)
497 http fetch GET 200 https://registry.npmjs.org/object-inspect/-/object-inspect-1.13.4.tgz 1121ms (cache miss)
498 http fetch GET 200 https://registry.npmjs.org/iconv-lite/-/iconv-lite-0.6.3.tgz 1080ms (cache miss)
499 silly ADD node_modules/media-typer
500 silly ADD node_modules/dunder-proto
501 silly ADD node_modules/math-intrinsics
502 silly ADD node_modules/hasown
503 silly ADD node_modules/has-symbols
504 silly ADD node_modules/gopd
505 silly ADD node_modules/get-proto
506 silly ADD node_modules/es-object-atoms
507 silly ADD node_modules/es-define-property
508 silly ADD node_modules/function-bind
509 silly ADD node_modules/call-bind-apply-helpers
510 silly ADD node_modules/get-intrinsic
511 silly ADD node_modules/call-bound
512 silly ADD node_modules/side-channel-weakmap
513 silly ADD node_modules/side-channel-map
514 silly ADD node_modules/side-channel-list
515 silly ADD node_modules/object-inspect
516 silly ADD node_modules/es-errors
517 silly ADD node_modules/path-to-regexp
518 silly ADD node_modules/is-promise
519 silly ADD node_modules/unpipe
520 silly ADD node_modules/side-channel
521 silly ADD node_modules/ipaddr.js
522 silly ADD node_modules/forwarded
523 silly ADD node_modules/wrappy
524 silly ADD node_modules/ee-first
525 silly ADD node_modules/mime-db
526 silly ADD node_modules/safer-buffer
527 silly ADD node_modules/toidentifier
528 silly ADD node_modules/setprototypeof
529 silly ADD node_modules/inherits
530 silly ADD node_modules/depd
531 silly ADD node_modules/ms
532 silly ADD node_modules/safe-buffer
533 silly ADD node_modules/raw-body
534 silly ADD node_modules/iconv-lite
535 silly ADD node_modules/bytes
536 silly ADD node_modules/negotiator
537 silly ADD node_modules/vary
538 silly ADD node_modules/type-is
539 silly ADD node_modules/statuses
540 silly ADD node_modules/serve-static
541 silly ADD node_modules/send
542 silly ADD node_modules/router
543 silly ADD node_modules/range-parser
544 silly ADD node_modules/qs
545 silly ADD node_modules/proxy-addr
546 silly ADD node_modules/parseurl
547 silly ADD node_modules/once
548 silly ADD node_modules/on-finished
549 silly ADD node_modules/mime-types
550 silly ADD node_modules/merge-descriptors
551 silly ADD node_modules/http-errors
552 silly ADD node_modules/http-errors/node_modules/statuses
553 silly ADD node_modules/fresh
554 silly ADD node_modules/finalhandler
555 silly ADD node_modules/etag
556 silly ADD node_modules/escape-html
557 silly ADD node_modules/encodeurl
558 silly ADD node_modules/debug
559 silly ADD node_modules/cookie-signature
560 silly ADD node_modules/cookie
561 silly ADD node_modules/content-type
562 silly ADD node_modules/content-disposition
563 silly ADD node_modules/body-parser
564 silly ADD node_modules/accepts
565 silly ADD node_modules/express
566 verbose cwd /home/ec2-user/sample-app
567 verbose os Linux 6.1.141-165.249.amzn2023.x86_64
568 verbose node v18.20.8
569 verbose npm  v10.8.2
570 verbose exit 0
571 info ok
